<?xml version="1.0" encoding="UTF-8"?>
<testng-results skipped="0" failed="0" ignored="0" total="1" passed="1">
  <reporter-output>
  </reporter-output>
  <suite name="Default suite" duration-ms="45" started-at="2017-08-01T20:54:02Z" finished-at="2017-08-01T20:54:02Z">
    <groups>
    </groups>
    <test name="Default test" duration-ms="45" started-at="2017-08-01T20:54:02Z" finished-at="2017-08-01T20:54:02Z">
      <class name="testgitandjenkins.testgitandjenkins1.Testgitjenkins">
        <test-method status="PASS" signature="print_something()[pri:0, instance:testgitandjenkins.testgitandjenkins1.Testgitjenkins@6ea12c19]" name="print_something" duration-ms="15" started-at="2017-08-02T02:24:02Z" finished-at="2017-08-02T02:24:02Z">
          <reporter-output>
          </reporter-output>
        </test-method> <!-- print_something -->
      </class> <!-- testgitandjenkins.testgitandjenkins1.Testgitjenkins -->
    </test> <!-- Default test -->
  </suite> <!-- Default suite -->
</testng-results>
